app/build/outputs/logs/manifest-merger-debug-report.txt
-- Merging decision tree log ---
manifest
ADDED from src\main\AndroidManifest.xml:2:1-16:12
	package
		ADDED from src\main\AndroidManifest.xml:3:2-26
		INJECTED from src\main\AndroidManifest.xml
		INJECTED from src\main\AndroidManifest.xml
	android:versionName
		ADDED from src\main\AndroidManifest.xml:3:51-76
		INJECTED from src\main\AndroidManifest.xml
		INJECTED from src\main\AndroidManifest.xml
	android:versionCode
		ADDED from src\main\AndroidManifest.xml:3:27-50
		INJECTED from src\main\AndroidManifest.xml
		INJECTED from src\main\AndroidManifest.xml
	xmlns:android
		ADDED from src\main\AndroidManifest.xml:2:11-69
uses-sdk
ADDED from src\main\AndroidManifest.xml:4:2-40
	android:targetSdkVersion
		INJECTED from src\main\AndroidManifest.xml
		INJECTED from src\main\AndroidManifest.xml
	android:minSdkVersion
		ADDED from src\main\AndroidManifest.xml:4:12-37
		INJECTED from src\main\AndroidManifest.xml
		INJECTED from src\main\AndroidManifest.xml
uses-permission#android.permission.SEND_SMS
ADDED from src\main\AndroidManifest.xml:5:2-80
	android:name
		ADDED from src\main\AndroidManifest.xml:5:19-61
uses-permission#android.permission.READ_SMS
ADDED from src\main\AndroidManifest.xml:6:2-80
	android:name
		ADDED from src\main\AndroidManifest.xml:6:19-61
application
ADDED from src\main\AndroidManifest.xml:8:2-15:16
	android:label
		ADDED from src\main\AndroidManifest.xml:8:45-77
	android:icon
		ADDED from src\main\AndroidManifest.xml:8:15-44
activity#com.vrs.smsapp.MessageBox
ADDED from src\main\AndroidManifest.xml:9:3-14:14
	android:name
		ADDED from src\main\AndroidManifest.xml:9:13-39
intent-filter#android.intent.action.MAIN+android.intent.category.LAUNCHER
ADDED from src\main\AndroidManifest.xml:10:4-13:20
action#android.intent.action.MAIN
ADDED from src\main\AndroidManifest.xml:11:5-57
	android:name
		ADDED from src\main\AndroidManifest.xml:11:13-54
category#android.intent.category.LAUNCHER
ADDED from src\main\AndroidManifest.xml:12:5-65
	android:name
		ADDED from src\main\AndroidManifest.xml:12:15-62